
*** Running vivado
    with args -log shifter16.vdi -applog -m64 -product Vivado -messageDb vivado.pb -mode batch -source shifter16.tcl -notrace


****** Vivado v2017.4 (64-bit)
  **** SW Build 2086221 on Fri Dec 15 20:55:39 MST 2017
  **** IP Build 2085800 on Fri Dec 15 22:25:07 MST 2017
    ** Copyright 1986-2017 Xilinx, Inc. All Rights Reserved.

source shifter16.tcl -notrace
Command: link_design -top shifter16 -part xc7a35tcpg236-1
Design is defaulting to srcset: sources_1
Design is defaulting to constrset: constrs_1
INFO: [Netlist 29-17] Analyzing 5 Unisim elements for replacement
INFO: [Netlist 29-28] Unisim Transformation completed in 0 CPU seconds
INFO: [Project 1-479] Netlist was created with Vivado 2017.4
INFO: [Device 21-403] Loading part xc7a35tcpg236-1
INFO: [Project 1-570] Preparing netlist for logic optimization
Parsing XDC File [C:/Users/oscar/OneDrive/Escritorio/UNIVERSIDAD/MSC_22_23/MSC/tutotial/sources/top_system.xdc]
WARNING: [Vivado 12-584] No ports matched 'led[0]'. [C:/Users/oscar/OneDrive/Escritorio/UNIVERSIDAD/MSC_22_23/MSC/tutotial/sources/top_system.xdc:14]
CRITICAL WARNING: [Common 17-55] 'set_property' expects at least one object. [C:/Users/oscar/OneDrive/Escritorio/UNIVERSIDAD/MSC_22_23/MSC/tutotial/sources/top_system.xdc:14]
Resolution: If [get_<value>] was used to populate the object, check to make sure this command returns at least one valid object.
WARNING: [Vivado 12-584] No ports matched 'led[0]'. [C:/Users/oscar/OneDrive/Escritorio/UNIVERSIDAD/MSC_22_23/MSC/tutotial/sources/top_system.xdc:15]
CRITICAL WARNING: [Common 17-55] 'set_property' expects at least one object. [C:/Users/oscar/OneDrive/Escritorio/UNIVERSIDAD/MSC_22_23/MSC/tutotial/sources/top_system.xdc:15]
Resolution: If [get_<value>] was used to populate the object, check to make sure this command returns at least one valid object.
WARNING: [Vivado 12-584] No ports matched 'led[1]'. [C:/Users/oscar/OneDrive/Escritorio/UNIVERSIDAD/MSC_22_23/MSC/tutotial/sources/top_system.xdc:16]
CRITICAL WARNING: [Common 17-55] 'set_property' expects at least one object. [C:/Users/oscar/OneDrive/Escritorio/UNIVERSIDAD/MSC_22_23/MSC/tutotial/sources/top_system.xdc:16]
Resolution: If [get_<value>] was used to populate the object, check to make sure this command returns at least one valid object.
WARNING: [Vivado 12-584] No ports matched 'led[1]'. [C:/Users/oscar/OneDrive/Escritorio/UNIVERSIDAD/MSC_22_23/MSC/tutotial/sources/top_system.xdc:17]
CRITICAL WARNING: [Common 17-55] 'set_property' expects at least one object. [C:/Users/oscar/OneDrive/Escritorio/UNIVERSIDAD/MSC_22_23/MSC/tutotial/sources/top_system.xdc:17]
Resolution: If [get_<value>] was used to populate the object, check to make sure this command returns at least one valid object.
WARNING: [Vivado 12-584] No ports matched 'led[2]'. [C:/Users/oscar/OneDrive/Escritorio/UNIVERSIDAD/MSC_22_23/MSC/tutotial/sources/top_system.xdc:18]
CRITICAL WARNING: [Common 17-55] 'set_property' expects at least one object. [C:/Users/oscar/OneDrive/Escritorio/UNIVERSIDAD/MSC_22_23/MSC/tutotial/sources/top_system.xdc:18]
Resolution: If [get_<value>] was used to populate the object, check to make sure this command returns at least one valid object.
WARNING: [Vivado 12-584] No ports matched 'led[2]'. [C:/Users/oscar/OneDrive/Escritorio/UNIVERSIDAD/MSC_22_23/MSC/tutotial/sources/top_system.xdc:19]
CRITICAL WARNING: [Common 17-55] 'set_property' expects at least one object. [C:/Users/oscar/OneDrive/Escritorio/UNIVERSIDAD/MSC_22_23/MSC/tutotial/sources/top_system.xdc:19]
Resolution: If [get_<value>] was used to populate the object, check to make sure this command returns at least one valid object.
WARNING: [Vivado 12-584] No ports matched 'led[3]'. [C:/Users/oscar/OneDrive/Escritorio/UNIVERSIDAD/MSC_22_23/MSC/tutotial/sources/top_system.xdc:20]
CRITICAL WARNING: [Common 17-55] 'set_property' expects at least one object. [C:/Users/oscar/OneDrive/Escritorio/UNIVERSIDAD/MSC_22_23/MSC/tutotial/sources/top_system.xdc:20]
Resolution: If [get_<value>] was used to populate the object, check to make sure this command returns at least one valid object.
WARNING: [Vivado 12-584] No ports matched 'led[3]'. [C:/Users/oscar/OneDrive/Escritorio/UNIVERSIDAD/MSC_22_23/MSC/tutotial/sources/top_system.xdc:21]
CRITICAL WARNING: [Common 17-55] 'set_property' expects at least one object. [C:/Users/oscar/OneDrive/Escritorio/UNIVERSIDAD/MSC_22_23/MSC/tutotial/sources/top_system.xdc:21]
Resolution: If [get_<value>] was used to populate the object, check to make sure this command returns at least one valid object.
WARNING: [Vivado 12-584] No ports matched 'led[4]'. [C:/Users/oscar/OneDrive/Escritorio/UNIVERSIDAD/MSC_22_23/MSC/tutotial/sources/top_system.xdc:22]
CRITICAL WARNING: [Common 17-55] 'set_property' expects at least one object. [C:/Users/oscar/OneDrive/Escritorio/UNIVERSIDAD/MSC_22_23/MSC/tutotial/sources/top_system.xdc:22]
Resolution: If [get_<value>] was used to populate the object, check to make sure this command returns at least one valid object.
WARNING: [Vivado 12-584] No ports matched 'led[4]'. [C:/Users/oscar/OneDrive/Escritorio/UNIVERSIDAD/MSC_22_23/MSC/tutotial/sources/top_system.xdc:23]
CRITICAL WARNING: [Common 17-55] 'set_property' expects at least one object. [C:/Users/oscar/OneDrive/Escritorio/UNIVERSIDAD/MSC_22_23/MSC/tutotial/sources/top_system.xdc:23]
Resolution: If [get_<value>] was used to populate the object, check to make sure this command returns at least one valid object.
WARNING: [Vivado 12-584] No ports matched 'led[5]'. [C:/Users/oscar/OneDrive/Escritorio/UNIVERSIDAD/MSC_22_23/MSC/tutotial/sources/top_system.xdc:24]
CRITICAL WARNING: [Common 17-55] 'set_property' expects at least one object. [C:/Users/oscar/OneDrive/Escritorio/UNIVERSIDAD/MSC_22_23/MSC/tutotial/sources/top_system.xdc:24]
Resolution: If [get_<value>] was used to populate the object, check to make sure this command returns at least one valid object.
WARNING: [Vivado 12-584] No ports matched 'led[5]'. [C:/Users/oscar/OneDrive/Escritorio/UNIVERSIDAD/MSC_22_23/MSC/tutotial/sources/top_system.xdc:25]
CRITICAL WARNING: [Common 17-55] 'set_property' expects at least one object. [C:/Users/oscar/OneDrive/Escritorio/UNIVERSIDAD/MSC_22_23/MSC/tutotial/sources/top_system.xdc:25]
Resolution: If [get_<value>] was used to populate the object, check to make sure this command returns at least one valid object.
WARNING: [Vivado 12-584] No ports matched 'led[6]'. [C:/Users/oscar/OneDrive/Escritorio/UNIVERSIDAD/MSC_22_23/MSC/tutotial/sources/top_system.xdc:26]
CRITICAL WARNING: [Common 17-55] 'set_property' expects at least one object. [C:/Users/oscar/OneDrive/Escritorio/UNIVERSIDAD/MSC_22_23/MSC/tutotial/sources/top_system.xdc:26]
Resolution: If [get_<value>] was used to populate the object, check to make sure this command returns at least one valid object.
WARNING: [Vivado 12-584] No ports matched 'led[6]'. [C:/Users/oscar/OneDrive/Escritorio/UNIVERSIDAD/MSC_22_23/MSC/tutotial/sources/top_system.xdc:27]
CRITICAL WARNING: [Common 17-55] 'set_property' expects at least one object. [C:/Users/oscar/OneDrive/Escritorio/UNIVERSIDAD/MSC_22_23/MSC/tutotial/sources/top_system.xdc:27]
Resolution: If [get_<value>] was used to populate the object, check to make sure this command returns at least one valid object.
WARNING: [Vivado 12-584] No ports matched 'led[7]'. [C:/Users/oscar/OneDrive/Escritorio/UNIVERSIDAD/MSC_22_23/MSC/tutotial/sources/top_system.xdc:28]
CRITICAL WARNING: [Common 17-55] 'set_property' expects at least one object. [C:/Users/oscar/OneDrive/Escritorio/UNIVERSIDAD/MSC_22_23/MSC/tutotial/sources/top_system.xdc:28]
Resolution: If [get_<value>] was used to populate the object, check to make sure this command returns at least one valid object.
WARNING: [Vivado 12-584] No ports matched 'led[7]'. [C:/Users/oscar/OneDrive/Escritorio/UNIVERSIDAD/MSC_22_23/MSC/tutotial/sources/top_system.xdc:29]
CRITICAL WARNING: [Common 17-55] 'set_property' expects at least one object. [C:/Users/oscar/OneDrive/Escritorio/UNIVERSIDAD/MSC_22_23/MSC/tutotial/sources/top_system.xdc:29]
Resolution: If [get_<value>] was used to populate the object, check to make sure this command returns at least one valid object.
WARNING: [Vivado 12-584] No ports matched 'led[8]'. [C:/Users/oscar/OneDrive/Escritorio/UNIVERSIDAD/MSC_22_23/MSC/tutotial/sources/top_system.xdc:30]
CRITICAL WARNING: [Common 17-55] 'set_property' expects at least one object. [C:/Users/oscar/OneDrive/Escritorio/UNIVERSIDAD/MSC_22_23/MSC/tutotial/sources/top_system.xdc:30]
Resolution: If [get_<value>] was used to populate the object, check to make sure this command returns at least one valid object.
WARNING: [Vivado 12-584] No ports matched 'led[8]'. [C:/Users/oscar/OneDrive/Escritorio/UNIVERSIDAD/MSC_22_23/MSC/tutotial/sources/top_system.xdc:31]
CRITICAL WARNING: [Common 17-55] 'set_property' expects at least one object. [C:/Users/oscar/OneDrive/Escritorio/UNIVERSIDAD/MSC_22_23/MSC/tutotial/sources/top_system.xdc:31]
Resolution: If [get_<value>] was used to populate the object, check to make sure this command returns at least one valid object.
WARNING: [Vivado 12-584] No ports matched 'led[9]'. [C:/Users/oscar/OneDrive/Escritorio/UNIVERSIDAD/MSC_22_23/MSC/tutotial/sources/top_system.xdc:32]
CRITICAL WARNING: [Common 17-55] 'set_property' expects at least one object. [C:/Users/oscar/OneDrive/Escritorio/UNIVERSIDAD/MSC_22_23/MSC/tutotial/sources/top_system.xdc:32]
Resolution: If [get_<value>] was used to populate the object, check to make sure this command returns at least one valid object.
WARNING: [Vivado 12-584] No ports matched 'led[9]'. [C:/Users/oscar/OneDrive/Escritorio/UNIVERSIDAD/MSC_22_23/MSC/tutotial/sources/top_system.xdc:33]
CRITICAL WARNING: [Common 17-55] 'set_property' expects at least one object. [C:/Users/oscar/OneDrive/Escritorio/UNIVERSIDAD/MSC_22_23/MSC/tutotial/sources/top_system.xdc:33]
Resolution: If [get_<value>] was used to populate the object, check to make sure this command returns at least one valid object.
WARNING: [Vivado 12-584] No ports matched 'led[10]'. [C:/Users/oscar/OneDrive/Escritorio/UNIVERSIDAD/MSC_22_23/MSC/tutotial/sources/top_system.xdc:34]
CRITICAL WARNING: [Common 17-55] 'set_property' expects at least one object. [C:/Users/oscar/OneDrive/Escritorio/UNIVERSIDAD/MSC_22_23/MSC/tutotial/sources/top_system.xdc:34]
Resolution: If [get_<value>] was used to populate the object, check to make sure this command returns at least one valid object.
WARNING: [Vivado 12-584] No ports matched 'led[10]'. [C:/Users/oscar/OneDrive/Escritorio/UNIVERSIDAD/MSC_22_23/MSC/tutotial/sources/top_system.xdc:35]
CRITICAL WARNING: [Common 17-55] 'set_property' expects at least one object. [C:/Users/oscar/OneDrive/Escritorio/UNIVERSIDAD/MSC_22_23/MSC/tutotial/sources/top_system.xdc:35]
Resolution: If [get_<value>] was used to populate the object, check to make sure this command returns at least one valid object.
WARNING: [Vivado 12-584] No ports matched 'led[11]'. [C:/Users/oscar/OneDrive/Escritorio/UNIVERSIDAD/MSC_22_23/MSC/tutotial/sources/top_system.xdc:36]
CRITICAL WARNING: [Common 17-55] 'set_property' expects at least one object. [C:/Users/oscar/OneDrive/Escritorio/UNIVERSIDAD/MSC_22_23/MSC/tutotial/sources/top_system.xdc:36]
Resolution: If [get_<value>] was used to populate the object, check to make sure this command returns at least one valid object.
WARNING: [Vivado 12-584] No ports matched 'led[11]'. [C:/Users/oscar/OneDrive/Escritorio/UNIVERSIDAD/MSC_22_23/MSC/tutotial/sources/top_system.xdc:37]
CRITICAL WARNING: [Common 17-55] 'set_property' expects at least one object. [C:/Users/oscar/OneDrive/Escritorio/UNIVERSIDAD/MSC_22_23/MSC/tutotial/sources/top_system.xdc:37]
Resolution: If [get_<value>] was used to populate the object, check to make sure this command returns at least one valid object.
WARNING: [Vivado 12-584] No ports matched 'led[12]'. [C:/Users/oscar/OneDrive/Escritorio/UNIVERSIDAD/MSC_22_23/MSC/tutotial/sources/top_system.xdc:38]
CRITICAL WARNING: [Common 17-55] 'set_property' expects at least one object. [C:/Users/oscar/OneDrive/Escritorio/UNIVERSIDAD/MSC_22_23/MSC/tutotial/sources/top_system.xdc:38]
Resolution: If [get_<value>] was used to populate the object, check to make sure this command returns at least one valid object.
WARNING: [Vivado 12-584] No ports matched 'led[12]'. [C:/Users/oscar/OneDrive/Escritorio/UNIVERSIDAD/MSC_22_23/MSC/tutotial/sources/top_system.xdc:39]
CRITICAL WARNING: [Common 17-55] 'set_property' expects at least one object. [C:/Users/oscar/OneDrive/Escritorio/UNIVERSIDAD/MSC_22_23/MSC/tutotial/sources/top_system.xdc:39]
Resolution: If [get_<value>] was used to populate the object, check to make sure this command returns at least one valid object.
WARNING: [Vivado 12-584] No ports matched 'led[13]'. [C:/Users/oscar/OneDrive/Escritorio/UNIVERSIDAD/MSC_22_23/MSC/tutotial/sources/top_system.xdc:40]
CRITICAL WARNING: [Common 17-55] 'set_property' expects at least one object. [C:/Users/oscar/OneDrive/Escritorio/UNIVERSIDAD/MSC_22_23/MSC/tutotial/sources/top_system.xdc:40]
Resolution: If [get_<value>] was used to populate the object, check to make sure this command returns at least one valid object.
WARNING: [Vivado 12-584] No ports matched 'led[13]'. [C:/Users/oscar/OneDrive/Escritorio/UNIVERSIDAD/MSC_22_23/MSC/tutotial/sources/top_system.xdc:41]
CRITICAL WARNING: [Common 17-55] 'set_property' expects at least one object. [C:/Users/oscar/OneDrive/Escritorio/UNIVERSIDAD/MSC_22_23/MSC/tutotial/sources/top_system.xdc:41]
Resolution: If [get_<value>] was used to populate the object, check to make sure this command returns at least one valid object.
WARNING: [Vivado 12-584] No ports matched 'led[14]'. [C:/Users/oscar/OneDrive/Escritorio/UNIVERSIDAD/MSC_22_23/MSC/tutotial/sources/top_system.xdc:42]
CRITICAL WARNING: [Common 17-55] 'set_property' expects at least one object. [C:/Users/oscar/OneDrive/Escritorio/UNIVERSIDAD/MSC_22_23/MSC/tutotial/sources/top_system.xdc:42]
Resolution: If [get_<value>] was used to populate the object, check to make sure this command returns at least one valid object.
WARNING: [Vivado 12-584] No ports matched 'led[14]'. [C:/Users/oscar/OneDrive/Escritorio/UNIVERSIDAD/MSC_22_23/MSC/tutotial/sources/top_system.xdc:43]
CRITICAL WARNING: [Common 17-55] 'set_property' expects at least one object. [C:/Users/oscar/OneDrive/Escritorio/UNIVERSIDAD/MSC_22_23/MSC/tutotial/sources/top_system.xdc:43]
Resolution: If [get_<value>] was used to populate the object, check to make sure this command returns at least one valid object.
WARNING: [Vivado 12-584] No ports matched 'led[15]'. [C:/Users/oscar/OneDrive/Escritorio/UNIVERSIDAD/MSC_22_23/MSC/tutotial/sources/top_system.xdc:44]
CRITICAL WARNING: [Common 17-55] 'set_property' expects at least one object. [C:/Users/oscar/OneDrive/Escritorio/UNIVERSIDAD/MSC_22_23/MSC/tutotial/sources/top_system.xdc:44]
Resolution: If [get_<value>] was used to populate the object, check to make sure this command returns at least one valid object.
WARNING: [Vivado 12-584] No ports matched 'led[15]'. [C:/Users/oscar/OneDrive/Escritorio/UNIVERSIDAD/MSC_22_23/MSC/tutotial/sources/top_system.xdc:45]
CRITICAL WARNING: [Common 17-55] 'set_property' expects at least one object. [C:/Users/oscar/OneDrive/Escritorio/UNIVERSIDAD/MSC_22_23/MSC/tutotial/sources/top_system.xdc:45]
Resolution: If [get_<value>] was used to populate the object, check to make sure this command returns at least one valid object.
Finished Parsing XDC File [C:/Users/oscar/OneDrive/Escritorio/UNIVERSIDAD/MSC_22_23/MSC/tutotial/sources/top_system.xdc]
INFO: [Opt 31-138] Pushed 0 inverter(s) to 0 load pin(s).
INFO: [Project 1-111] Unisim Transformation Summary:
No Unisim elements were transformed.

7 Infos, 32 Warnings, 32 Critical Warnings and 0 Errors encountered.
link_design completed successfully
link_design: Time (s): cpu = 00:00:06 ; elapsed = 00:00:08 . Memory (MB): peak = 556.781 ; gain = 303.379
Command: opt_design
Attempting to get a license for feature 'Implementation' and/or device 'xc7a35t'
INFO: [Common 17-349] Got license for feature 'Implementation' and/or device 'xc7a35t'
Running DRC as a precondition to command opt_design

Starting DRC Task
INFO: [DRC 23-27] Running DRC with 2 threads
INFO: [Project 1-461] DRC finished with 0 Errors
INFO: [Project 1-462] Please refer to the DRC report (report_drc) for more information.

Time (s): cpu = 00:00:01 ; elapsed = 00:00:00.695 . Memory (MB): peak = 571.309 ; gain = 14.527
INFO: [Timing 38-35] Done setting XDC timing constraints.

Starting Logic Optimization Task

Phase 1 Retarget
INFO: [Opt 31-138] Pushed 0 inverter(s) to 0 load pin(s).
INFO: [Opt 31-49] Retargeted 0 cell(s).
Phase 1 Retarget | Checksum: f24ff8a3

Time (s): cpu = 00:00:00 ; elapsed = 00:00:00.033 . Memory (MB): peak = 1107.258 ; gain = 0.000
INFO: [Opt 31-389] Phase Retarget created 0 cells and removed 0 cells

Phase 2 Constant propagation
INFO: [Opt 31-138] Pushed 0 inverter(s) to 0 load pin(s).
Phase 2 Constant propagation | Checksum: f24ff8a3

Time (s): cpu = 00:00:00 ; elapsed = 00:00:00.038 . Memory (MB): peak = 1107.258 ; gain = 0.000
INFO: [Opt 31-389] Phase Constant propagation created 0 cells and removed 0 cells

Phase 3 Sweep
Phase 3 Sweep | Checksum: f24ff8a3

Time (s): cpu = 00:00:00 ; elapsed = 00:00:00.048 . Memory (MB): peak = 1107.258 ; gain = 0.000
INFO: [Opt 31-389] Phase Sweep created 0 cells and removed 0 cells

Phase 4 BUFG optimization
Phase 4 BUFG optimization | Checksum: f24ff8a3

Time (s): cpu = 00:00:00 ; elapsed = 00:00:00.059 . Memory (MB): peak = 1107.258 ; gain = 0.000
INFO: [Opt 31-389] Phase BUFG optimization created 0 cells and removed 0 cells

Phase 5 Shift Register Optimization
Phase 5 Shift Register Optimization | Checksum: f24ff8a3

Time (s): cpu = 00:00:00 ; elapsed = 00:00:00.064 . Memory (MB): peak = 1107.258 ; gain = 0.000
INFO: [Opt 31-389] Phase Shift Register Optimization created 0 cells and removed 0 cells

Starting Connectivity Check Task

Time (s): cpu = 00:00:00 ; elapsed = 00:00:00.001 . Memory (MB): peak = 1107.258 ; gain = 0.000
Ending Logic Optimization Task | Checksum: f24ff8a3

Time (s): cpu = 00:00:00 ; elapsed = 00:00:00.067 . Memory (MB): peak = 1107.258 ; gain = 0.000

Starting Power Optimization Task
INFO: [Pwropt 34-132] Skipping clock gating for clocks with a period < 2.00 ns.
Ending Power Optimization Task | Checksum: f24ff8a3

Time (s): cpu = 00:00:00 ; elapsed = 00:00:00.024 . Memory (MB): peak = 1107.258 ; gain = 0.000
INFO: [Common 17-83] Releasing license: Implementation
22 Infos, 32 Warnings, 32 Critical Warnings and 0 Errors encountered.
opt_design completed successfully
opt_design: Time (s): cpu = 00:00:13 ; elapsed = 00:00:13 . Memory (MB): peak = 1107.258 ; gain = 550.477
Writing placer database...
Writing XDEF routing.
Writing XDEF routing logical nets.
Writing XDEF routing special nets.
Write XDEF Complete: Time (s): cpu = 00:00:00 ; elapsed = 00:00:00.038 . Memory (MB): peak = 1107.258 ; gain = 0.000
INFO: [Common 17-1381] The checkpoint 'C:/Users/oscar/OneDrive/Escritorio/UNIVERSIDAD/MSC_22_23/MSC/tutotial/tutotial.runs/impl_1/shifter16_opt.dcp' has been generated.
INFO: [runtcl-4] Executing : report_drc -file shifter16_drc_opted.rpt -pb shifter16_drc_opted.pb -rpx shifter16_drc_opted.rpx
Command: report_drc -file shifter16_drc_opted.rpt -pb shifter16_drc_opted.pb -rpx shifter16_drc_opted.rpx
INFO: [IP_Flow 19-234] Refreshing IP repositories
INFO: [IP_Flow 19-1704] No user IP repositories specified
INFO: [IP_Flow 19-2313] Loaded Vivado IP repository 'C:/Xilinx/Vivado/2017.4/data/ip'.
INFO: [DRC 23-27] Running DRC with 2 threads
INFO: [Coretcl 2-168] The results of DRC are in file C:/Users/oscar/OneDrive/Escritorio/UNIVERSIDAD/MSC_22_23/MSC/tutotial/tutotial.runs/impl_1/shifter16_drc_opted.rpt.
report_drc completed successfully
INFO: [Chipscope 16-241] No debug cores found in the current design.
Before running the implement_debug_core command, either use the Set Up Debug wizard (GUI mode)
or use the create_debug_core and connect_debug_core Tcl commands to insert debug cores into the design.
Command: place_design
Attempting to get a license for feature 'Implementation' and/or device 'xc7a35t'
INFO: [Common 17-349] Got license for feature 'Implementation' and/or device 'xc7a35t'
INFO: [DRC 23-27] Running DRC with 2 threads
INFO: [Vivado_Tcl 4-198] DRC finished with 0 Errors
INFO: [Vivado_Tcl 4-199] Please refer to the DRC report (report_drc) for more information.
Running DRC as a precondition to command place_design
INFO: [DRC 23-27] Running DRC with 2 threads
INFO: [Vivado_Tcl 4-198] DRC finished with 0 Errors
INFO: [Vivado_Tcl 4-199] Please refer to the DRC report (report_drc) for more information.

Starting Placer Task
INFO: [Place 30-611] Multithreading enabled for place_design using a maximum of 2 CPUs

Phase 1 Placer Initialization

Phase 1.1 Placer Initialization Netlist Sorting
Netlist sorting complete. Time (s): cpu = 00:00:00 ; elapsed = 00:00:00 . Memory (MB): peak = 1107.258 ; gain = 0.000
Phase 1.1 Placer Initialization Netlist Sorting | Checksum: e3ad7ac9

Time (s): cpu = 00:00:00 ; elapsed = 00:00:00.027 . Memory (MB): peak = 1107.258 ; gain = 0.000
Netlist sorting complete. Time (s): cpu = 00:00:00 ; elapsed = 00:00:00 . Memory (MB): peak = 1107.258 ; gain = 0.000

Phase 1.2 IO Placement/ Clock Placement/ Build Placer Device
INFO: [Timing 38-35] Done setting XDC timing constraints.
Phase 1.2 IO Placement/ Clock Placement/ Build Placer Device | Checksum: c5123f8f

Time (s): cpu = 00:00:01 ; elapsed = 00:00:00.800 . Memory (MB): peak = 1107.258 ; gain = 0.000

Phase 1.3 Build Placer Netlist Model
Phase 1.3 Build Placer Netlist Model | Checksum: 1b4abc52e

Time (s): cpu = 00:00:01 ; elapsed = 00:00:00.852 . Memory (MB): peak = 1107.258 ; gain = 0.000

Phase 1.4 Constrain Clocks/Macros
Phase 1.4 Constrain Clocks/Macros | Checksum: 1b4abc52e

Time (s): cpu = 00:00:01 ; elapsed = 00:00:00.855 . Memory (MB): peak = 1107.258 ; gain = 0.000
Phase 1 Placer Initialization | Checksum: 1b4abc52e

Time (s): cpu = 00:00:01 ; elapsed = 00:00:00.857 . Memory (MB): peak = 1107.258 ; gain = 0.000

Phase 2 Global Placement
Phase 2 Global Placement | Checksum: 17ee0e9a9

Time (s): cpu = 00:00:02 ; elapsed = 00:00:01 . Memory (MB): peak = 1107.258 ; gain = 0.000

Phase 3 Detail Placement

Phase 3.1 Commit Multi Column Macros
Phase 3.1 Commit Multi Column Macros | Checksum: 17ee0e9a9

Time (s): cpu = 00:00:02 ; elapsed = 00:00:01 . Memory (MB): peak = 1107.258 ; gain = 0.000

Phase 3.2 Commit Most Macros & LUTRAMs
Phase 3.2 Commit Most Macros & LUTRAMs | Checksum: 1c081c35f

Time (s): cpu = 00:00:02 ; elapsed = 00:00:01 . Memory (MB): peak = 1107.258 ; gain = 0.000

Phase 3.3 Area Swap Optimization
Phase 3.3 Area Swap Optimization | Checksum: d3bd7fd3

Time (s): cpu = 00:00:02 ; elapsed = 00:00:01 . Memory (MB): peak = 1107.258 ; gain = 0.000

Phase 3.4 Pipeline Register Optimization
Phase 3.4 Pipeline Register Optimization | Checksum: d3bd7fd3

Time (s): cpu = 00:00:02 ; elapsed = 00:00:01 . Memory (MB): peak = 1107.258 ; gain = 0.000

Phase 3.5 Small Shape Detail Placement
Phase 3.5 Small Shape Detail Placement | Checksum: 17f7fb493

Time (s): cpu = 00:00:02 ; elapsed = 00:00:01 . Memory (MB): peak = 1107.258 ; gain = 0.000

Phase 3.6 Re-assign LUT pins
Phase 3.6 Re-assign LUT pins | Checksum: 17f7fb493

Time (s): cpu = 00:00:02 ; elapsed = 00:00:01 . Memory (MB): peak = 1107.258 ; gain = 0.000

Phase 3.7 Pipeline Register Optimization
Phase 3.7 Pipeline Register Optimization | Checksum: 17f7fb493

Time (s): cpu = 00:00:02 ; elapsed = 00:00:01 . Memory (MB): peak = 1107.258 ; gain = 0.000
Phase 3 Detail Placement | Checksum: 17f7fb493

Time (s): cpu = 00:00:02 ; elapsed = 00:00:01 . Memory (MB): peak = 1107.258 ; gain = 0.000

Phase 4 Post Placement Optimization and Clean-Up

Phase 4.1 Post Commit Optimization
Phase 4.1 Post Commit Optimization | Checksum: 17f7fb493

Time (s): cpu = 00:00:02 ; elapsed = 00:00:01 . Memory (MB): peak = 1107.258 ; gain = 0.000

Phase 4.2 Post Placement Cleanup
Phase 4.2 Post Placement Cleanup | Checksum: 17f7fb493

Time (s): cpu = 00:00:02 ; elapsed = 00:00:01 . Memory (MB): peak = 1107.258 ; gain = 0.000

Phase 4.3 Placer Reporting
Phase 4.3 Placer Reporting | Checksum: 17f7fb493

Time (s): cpu = 00:00:02 ; elapsed = 00:00:01 . Memory (MB): peak = 1107.258 ; gain = 0.000

Phase 4.4 Final Placement Cleanup
Phase 4.4 Final Placement Cleanup | Checksum: 15ab0e9e7

Time (s): cpu = 00:00:02 ; elapsed = 00:00:01 . Memory (MB): peak = 1107.258 ; gain = 0.000
Phase 4 Post Placement Optimization and Clean-Up | Checksum: 15ab0e9e7

Time (s): cpu = 00:00:02 ; elapsed = 00:00:01 . Memory (MB): peak = 1107.258 ; gain = 0.000
Ending Placer Task | Checksum: 81aa6a30

Time (s): cpu = 00:00:02 ; elapsed = 00:00:01 . Memory (MB): peak = 1107.258 ; gain = 0.000
INFO: [Common 17-83] Releasing license: Implementation
40 Infos, 32 Warnings, 32 Critical Warnings and 0 Errors encountered.
place_design completed successfully
Writing placer database...
Writing XDEF routing.
Writing XDEF routing logical nets.
Writing XDEF routing special nets.
Write XDEF Complete: Time (s): cpu = 00:00:00 ; elapsed = 00:00:00.060 . Memory (MB): peak = 1107.258 ; gain = 0.000
INFO: [Common 17-1381] The checkpoint 'C:/Users/oscar/OneDrive/Escritorio/UNIVERSIDAD/MSC_22_23/MSC/tutotial/tutotial.runs/impl_1/shifter16_placed.dcp' has been generated.
INFO: [runtcl-4] Executing : report_io -file shifter16_io_placed.rpt
report_io: Time (s): cpu = 00:00:00 ; elapsed = 00:00:00.044 . Memory (MB): peak = 1107.258 ; gain = 0.000
INFO: [runtcl-4] Executing : report_utilization -file shifter16_utilization_placed.rpt -pb shifter16_utilization_placed.pb
report_utilization: Time (s): cpu = 00:00:00 ; elapsed = 00:00:00.028 . Memory (MB): peak = 1107.258 ; gain = 0.000
INFO: [runtcl-4] Executing : report_control_sets -verbose -file shifter16_control_sets_placed.rpt
report_control_sets: Time (s): cpu = 00:00:00 ; elapsed = 00:00:00.001 . Memory (MB): peak = 1107.258 ; gain = 0.000
Command: route_design
Attempting to get a license for feature 'Implementation' and/or device 'xc7a35t'
INFO: [Common 17-349] Got license for feature 'Implementation' and/or device 'xc7a35t'
Running DRC as a precondition to command route_design
INFO: [DRC 23-27] Running DRC with 2 threads
INFO: [Vivado_Tcl 4-198] DRC finished with 0 Errors
INFO: [Vivado_Tcl 4-199] Please refer to the DRC report (report_drc) for more information.


Starting Routing Task
INFO: [Route 35-254] Multithreading enabled for route_design using a maximum of 2 CPUs
Checksum: PlaceDB: 812fad74 ConstDB: 0 ShapeSum: 7abcbc RouteDB: 0

Phase 1 Build RT Design
Phase 1 Build RT Design | Checksum: cfbb0129

Time (s): cpu = 00:00:27 ; elapsed = 00:00:25 . Memory (MB): peak = 1219.836 ; gain = 112.578
Post Restoration Checksum: NetGraph: 3ba76b79 NumContArr: 941395b0 Constraints: 0 Timing: 0

Phase 2 Router Initialization
INFO: [Route 35-64] No timing constraints were detected. The router will operate in resource-optimization mode.

Phase 2.1 Fix Topology Constraints
Phase 2.1 Fix Topology Constraints | Checksum: cfbb0129

Time (s): cpu = 00:00:27 ; elapsed = 00:00:25 . Memory (MB): peak = 1225.883 ; gain = 118.625

Phase 2.2 Pre Route Cleanup
Phase 2.2 Pre Route Cleanup | Checksum: cfbb0129

Time (s): cpu = 00:00:27 ; elapsed = 00:00:26 . Memory (MB): peak = 1225.883 ; gain = 118.625
 Number of Nodes with overlaps = 0
Phase 2 Router Initialization | Checksum: 802085a0

Time (s): cpu = 00:00:27 ; elapsed = 00:00:26 . Memory (MB): peak = 1229.621 ; gain = 122.363

Phase 3 Initial Routing
Phase 3 Initial Routing | Checksum: 11ef80772

Time (s): cpu = 00:00:27 ; elapsed = 00:00:26 . Memory (MB): peak = 1229.621 ; gain = 122.363

Phase 4 Rip-up And Reroute

Phase 4.1 Global Iteration 0
 Number of Nodes with overlaps = 1
 Number of Nodes with overlaps = 0
Phase 4.1 Global Iteration 0 | Checksum: 86b94af6

Time (s): cpu = 00:00:27 ; elapsed = 00:00:26 . Memory (MB): peak = 1229.621 ; gain = 122.363
Phase 4 Rip-up And Reroute | Checksum: 86b94af6

Time (s): cpu = 00:00:27 ; elapsed = 00:00:26 . Memory (MB): peak = 1229.621 ; gain = 122.363

Phase 5 Delay and Skew Optimization
Phase 5 Delay and Skew Optimization | Checksum: 86b94af6

Time (s): cpu = 00:00:27 ; elapsed = 00:00:26 . Memory (MB): peak = 1229.621 ; gain = 122.363

Phase 6 Post Hold Fix

Phase 6.1 Hold Fix Iter
Phase 6.1 Hold Fix Iter | Checksum: 86b94af6

Time (s): cpu = 00:00:27 ; elapsed = 00:00:26 . Memory (MB): peak = 1229.621 ; gain = 122.363
Phase 6 Post Hold Fix | Checksum: 86b94af6

Time (s): cpu = 00:00:27 ; elapsed = 00:00:26 . Memory (MB): peak = 1229.621 ; gain = 122.363

Phase 7 Route finalize

Router Utilization Summary
  Global Vertical Routing Utilization    = 0.0273459 %
  Global Horizontal Routing Utilization  = 0.0236856 %
  Routable Net Status*
  *Does not include unroutable nets such as driverless and loadless.
  Run report_route_status for detailed report.
  Number of Failed Nets               = 0
  Number of Unrouted Nets             = 0
  Number of Partially Routed Nets     = 0
  Number of Node Overlaps             = 0

Utilization threshold used for congestion level computation: 0.85
Congestion Report
North Dir 1x1 Area, Max Cong = 9.00901%, No Congested Regions.
South Dir 1x1 Area, Max Cong = 15.3153%, No Congested Regions.
East Dir 1x1 Area, Max Cong = 14.7059%, No Congested Regions.
West Dir 1x1 Area, Max Cong = 0%, No Congested Regions.
Phase 7 Route finalize | Checksum: 86b94af6

Time (s): cpu = 00:00:28 ; elapsed = 00:00:26 . Memory (MB): peak = 1229.621 ; gain = 122.363

Phase 8 Verifying routed nets

 Verification completed successfully
Phase 8 Verifying routed nets | Checksum: 86b94af6

Time (s): cpu = 00:00:28 ; elapsed = 00:00:26 . Memory (MB): peak = 1230.531 ; gain = 123.273

Phase 9 Depositing Routes
Phase 9 Depositing Routes | Checksum: 770ad6da

Time (s): cpu = 00:00:28 ; elapsed = 00:00:26 . Memory (MB): peak = 1230.531 ; gain = 123.273
INFO: [Route 35-16] Router Completed Successfully

Time (s): cpu = 00:00:28 ; elapsed = 00:00:26 . Memory (MB): peak = 1230.531 ; gain = 123.273

Routing Is Done.
INFO: [Common 17-83] Releasing license: Implementation
52 Infos, 32 Warnings, 32 Critical Warnings and 0 Errors encountered.
route_design completed successfully
route_design: Time (s): cpu = 00:00:30 ; elapsed = 00:00:27 . Memory (MB): peak = 1230.531 ; gain = 123.273
Writing placer database...
Writing XDEF routing.
Writing XDEF routing logical nets.
Writing XDEF routing special nets.
Write XDEF Complete: Time (s): cpu = 00:00:00 ; elapsed = 00:00:00.052 . Memory (MB): peak = 1230.531 ; gain = 0.000
INFO: [Common 17-1381] The checkpoint 'C:/Users/oscar/OneDrive/Escritorio/UNIVERSIDAD/MSC_22_23/MSC/tutotial/tutotial.runs/impl_1/shifter16_routed.dcp' has been generated.
INFO: [runtcl-4] Executing : report_drc -file shifter16_drc_routed.rpt -pb shifter16_drc_routed.pb -rpx shifter16_drc_routed.rpx
Command: report_drc -file shifter16_drc_routed.rpt -pb shifter16_drc_routed.pb -rpx shifter16_drc_routed.rpx
INFO: [IP_Flow 19-1839] IP Catalog is up to date.
INFO: [DRC 23-27] Running DRC with 2 threads
INFO: [Coretcl 2-168] The results of DRC are in file C:/Users/oscar/OneDrive/Escritorio/UNIVERSIDAD/MSC_22_23/MSC/tutotial/tutotial.runs/impl_1/shifter16_drc_routed.rpt.
report_drc completed successfully
INFO: [runtcl-4] Executing : report_methodology -file shifter16_methodology_drc_routed.rpt -pb shifter16_methodology_drc_routed.pb -rpx shifter16_methodology_drc_routed.rpx
Command: report_methodology -file shifter16_methodology_drc_routed.rpt -pb shifter16_methodology_drc_routed.pb -rpx shifter16_methodology_drc_routed.rpx
INFO: [Timing 38-35] Done setting XDC timing constraints.
INFO: [Timing 38-35] Done setting XDC timing constraints.
INFO: [DRC 23-133] Running Methodology with 2 threads
INFO: [Coretcl 2-1520] The results of Report Methodology are in file C:/Users/oscar/OneDrive/Escritorio/UNIVERSIDAD/MSC_22_23/MSC/tutotial/tutotial.runs/impl_1/shifter16_methodology_drc_routed.rpt.
report_methodology completed successfully
INFO: [runtcl-4] Executing : report_power -file shifter16_power_routed.rpt -pb shifter16_power_summary_routed.pb -rpx shifter16_power_routed.rpx
Command: report_power -file shifter16_power_routed.rpt -pb shifter16_power_summary_routed.pb -rpx shifter16_power_routed.rpx
WARNING: [Power 33-232] No user defined clocks were found in the design!
Resolution: Please specify clocks using create_clock/create_generated_clock for sequential elements. For pure combinatorial circuits, please specify a virtual clock, otherwise the vectorless estimation might be inaccurate
INFO: [Timing 38-35] Done setting XDC timing constraints.
Running Vector-less Activity Propagation...

Finished Running Vector-less Activity Propagation
64 Infos, 33 Warnings, 32 Critical Warnings and 0 Errors encountered.
report_power completed successfully
INFO: [runtcl-4] Executing : report_route_status -file shifter16_route_status.rpt -pb shifter16_route_status.pb
INFO: [runtcl-4] Executing : report_timing_summary -max_paths 10 -file shifter16_timing_summary_routed.rpt -rpx shifter16_timing_summary_routed.rpx -warn_on_violation 
INFO: [Timing 38-91] UpdateTimingParams: Speed grade: -1, Delay Type: min_max.
INFO: [Timing 38-191] Multithreading enabled for timing update using a maximum of 2 CPUs
WARNING: [Timing 38-313] There are no user specified timing constraints. Timing constraints are needed for proper timing analysis.
INFO: [runtcl-4] Executing : report_incremental_reuse -file shifter16_incremental_reuse_routed.rpt
INFO: [Vivado_Tcl 4-545] No incremental reuse to report, no incremental placement and routing data was found.
INFO: [runtcl-4] Executing : report_clock_utilization -file shifter16_clock_utilization_routed.rpt
INFO: [Common 17-206] Exiting Vivado at Mon Jan 30 09:51:05 2023...
